<testsuites id="" name="" tests="52" failures="0" skipped="0" errors="0" time="16.692111">
<testsuite name="tests/account-api-mocked.spec.js" timestamp="2025-06-17T11:40:57.866Z" hostname="chromium-1920x1080" tests="8" failures="0" skipped="0" time="2.757" errors="0">
<testcase name="Account API Tests (Mocked) › Positive: Create a user with valid data" classname="tests/account-api-mocked.spec.js" time="0.493">
</testcase>
<testcase name="Account API Tests (Mocked) › Negative: Attempt to create a user with incorrect data (empty password)" classname="tests/account-api-mocked.spec.js" time="0.493">
</testcase>
<testcase name="Account API Tests (Mocked) › Positive: Generate a token for an existing user" classname="tests/account-api-mocked.spec.js" time="0.486">
</testcase>
<testcase name="Account API Tests (Mocked) › Negative: Attempt to generate a token with an incorrect password" classname="tests/account-api-mocked.spec.js" time="0.5">
</testcase>
<testcase name="Account API Tests (Mocked) › Positive: Get information about an existing user" classname="tests/account-api-mocked.spec.js" time="0.224">
</testcase>
<testcase name="Account API Tests (Mocked) › Negative: Attempt to get information about a non-existent user" classname="tests/account-api-mocked.spec.js" time="0.175">
</testcase>
<testcase name="Account API Tests (Mocked) › Positive: Deleting an existing user" classname="tests/account-api-mocked.spec.js" time="0.173">
</testcase>
<testcase name="Account API Tests (Mocked) › Negative: Attempting to delete a non-existent user" classname="tests/account-api-mocked.spec.js" time="0.213">
</testcase>
</testsuite>
<testsuite name="tests/mock-api.spec.js" timestamp="2025-06-17T11:40:57.866Z" hostname="chromium-1920x1080" tests="5" failures="0" skipped="0" time="1.027" errors="0">
<testcase name="API Mocking Tests for /users/:id › Validate the structure of the successful response for a valid user ID" classname="tests/mock-api.spec.js" time="0.222">
</testcase>
<testcase name="API Mocking Tests for /users/:id › Validate the structure of the error response for status 403" classname="tests/mock-api.spec.js" time="0.182">
</testcase>
<testcase name="API Mocking Tests for /users/:id › Validate the structure of the error response for status 404" classname="tests/mock-api.spec.js" time="0.227">
</testcase>
<testcase name="API Mocking Tests for /users/:id › Validate the structure of the error response for status 502" classname="tests/mock-api.spec.js" time="0.217">
</testcase>
<testcase name="API Mocking Tests for /users/:id › Ensure response with status 204 (No Content) is handled correctly" classname="tests/mock-api.spec.js" time="0.179">
</testcase>
</testsuite>
<testsuite name="tests/account-api-mocked.spec.js" timestamp="2025-06-17T11:40:57.866Z" hostname="chromium-1366x768" tests="8" failures="0" skipped="0" time="1.948" errors="0">
<testcase name="Account API Tests (Mocked) › Positive: Create a user with valid data" classname="tests/account-api-mocked.spec.js" time="0.343">
</testcase>
<testcase name="Account API Tests (Mocked) › Negative: Attempt to create a user with incorrect data (empty password)" classname="tests/account-api-mocked.spec.js" time="0.336">
</testcase>
<testcase name="Account API Tests (Mocked) › Positive: Generate a token for an existing user" classname="tests/account-api-mocked.spec.js" time="0.318">
</testcase>
<testcase name="Account API Tests (Mocked) › Negative: Attempt to generate a token with an incorrect password" classname="tests/account-api-mocked.spec.js" time="0.253">
</testcase>
<testcase name="Account API Tests (Mocked) › Positive: Get information about an existing user" classname="tests/account-api-mocked.spec.js" time="0.166">
</testcase>
<testcase name="Account API Tests (Mocked) › Negative: Attempt to get information about a non-existent user" classname="tests/account-api-mocked.spec.js" time="0.196">
</testcase>
<testcase name="Account API Tests (Mocked) › Positive: Deleting an existing user" classname="tests/account-api-mocked.spec.js" time="0.19">
</testcase>
<testcase name="Account API Tests (Mocked) › Negative: Attempting to delete a non-existent user" classname="tests/account-api-mocked.spec.js" time="0.146">
</testcase>
</testsuite>
<testsuite name="tests/mock-api.spec.js" timestamp="2025-06-17T11:40:57.866Z" hostname="chromium-1366x768" tests="5" failures="0" skipped="0" time="0.794" errors="0">
<testcase name="API Mocking Tests for /users/:id › Validate the structure of the successful response for a valid user ID" classname="tests/mock-api.spec.js" time="0.172">
</testcase>
<testcase name="API Mocking Tests for /users/:id › Validate the structure of the error response for status 403" classname="tests/mock-api.spec.js" time="0.165">
</testcase>
<testcase name="API Mocking Tests for /users/:id › Validate the structure of the error response for status 404" classname="tests/mock-api.spec.js" time="0.18">
</testcase>
<testcase name="API Mocking Tests for /users/:id › Validate the structure of the error response for status 502" classname="tests/mock-api.spec.js" time="0.137">
</testcase>
<testcase name="API Mocking Tests for /users/:id › Ensure response with status 204 (No Content) is handled correctly" classname="tests/mock-api.spec.js" time="0.14">
</testcase>
</testsuite>
<testsuite name="tests/account-api-mocked.spec.js" timestamp="2025-06-17T11:40:57.866Z" hostname="firefox-1920x1080" tests="8" failures="0" skipped="0" time="11.526" errors="0">
<testcase name="Account API Tests (Mocked) › Positive: Create a user with valid data" classname="tests/account-api-mocked.spec.js" time="2.365">
</testcase>
<testcase name="Account API Tests (Mocked) › Negative: Attempt to create a user with incorrect data (empty password)" classname="tests/account-api-mocked.spec.js" time="1.696">
</testcase>
<testcase name="Account API Tests (Mocked) › Positive: Generate a token for an existing user" classname="tests/account-api-mocked.spec.js" time="1.843">
</testcase>
<testcase name="Account API Tests (Mocked) › Negative: Attempt to generate a token with an incorrect password" classname="tests/account-api-mocked.spec.js" time="2.461">
</testcase>
<testcase name="Account API Tests (Mocked) › Positive: Get information about an existing user" classname="tests/account-api-mocked.spec.js" time="0.866">
</testcase>
<testcase name="Account API Tests (Mocked) › Negative: Attempt to get information about a non-existent user" classname="tests/account-api-mocked.spec.js" time="0.854">
</testcase>
<testcase name="Account API Tests (Mocked) › Positive: Deleting an existing user" classname="tests/account-api-mocked.spec.js" time="0.774">
</testcase>
<testcase name="Account API Tests (Mocked) › Negative: Attempting to delete a non-existent user" classname="tests/account-api-mocked.spec.js" time="0.667">
</testcase>
</testsuite>
<testsuite name="tests/mock-api.spec.js" timestamp="2025-06-17T11:40:57.866Z" hostname="firefox-1920x1080" tests="5" failures="0" skipped="0" time="2.956" errors="0">
<testcase name="API Mocking Tests for /users/:id › Validate the structure of the successful response for a valid user ID" classname="tests/mock-api.spec.js" time="0.732">
</testcase>
<testcase name="API Mocking Tests for /users/:id › Validate the structure of the error response for status 403" classname="tests/mock-api.spec.js" time="0.626">
</testcase>
<testcase name="API Mocking Tests for /users/:id › Validate the structure of the error response for status 404" classname="tests/mock-api.spec.js" time="0.628">
</testcase>
<testcase name="API Mocking Tests for /users/:id › Validate the structure of the error response for status 502" classname="tests/mock-api.spec.js" time="0.51">
</testcase>
<testcase name="API Mocking Tests for /users/:id › Ensure response with status 204 (No Content) is handled correctly" classname="tests/mock-api.spec.js" time="0.46">
</testcase>
</testsuite>
<testsuite name="tests/account-api-mocked.spec.js" timestamp="2025-06-17T11:40:57.866Z" hostname="firefox-1366x768" tests="8" failures="0" skipped="0" time="9.703" errors="0">
<testcase name="Account API Tests (Mocked) › Positive: Create a user with valid data" classname="tests/account-api-mocked.spec.js" time="2.267">
</testcase>
<testcase name="Account API Tests (Mocked) › Negative: Attempt to create a user with incorrect data (empty password)" classname="tests/account-api-mocked.spec.js" time="0.831">
</testcase>
<testcase name="Account API Tests (Mocked) › Positive: Generate a token for an existing user" classname="tests/account-api-mocked.spec.js" time="1.382">
</testcase>
<testcase name="Account API Tests (Mocked) › Negative: Attempt to generate a token with an incorrect password" classname="tests/account-api-mocked.spec.js" time="2.334">
</testcase>
<testcase name="Account API Tests (Mocked) › Positive: Get information about an existing user" classname="tests/account-api-mocked.spec.js" time="0.359">
</testcase>
<testcase name="Account API Tests (Mocked) › Negative: Attempt to get information about a non-existent user" classname="tests/account-api-mocked.spec.js" time="0.767">
</testcase>
<testcase name="Account API Tests (Mocked) › Positive: Deleting an existing user" classname="tests/account-api-mocked.spec.js" time="1.027">
</testcase>
<testcase name="Account API Tests (Mocked) › Negative: Attempting to delete a non-existent user" classname="tests/account-api-mocked.spec.js" time="0.736">
</testcase>
</testsuite>
<testsuite name="tests/mock-api.spec.js" timestamp="2025-06-17T11:40:57.866Z" hostname="firefox-1366x768" tests="5" failures="0" skipped="0" time="3.369" errors="0">
<testcase name="API Mocking Tests for /users/:id › Validate the structure of the successful response for a valid user ID" classname="tests/mock-api.spec.js" time="0.838">
</testcase>
<testcase name="API Mocking Tests for /users/:id › Validate the structure of the error response for status 403" classname="tests/mock-api.spec.js" time="0.735">
</testcase>
<testcase name="API Mocking Tests for /users/:id › Validate the structure of the error response for status 404" classname="tests/mock-api.spec.js" time="0.727">
</testcase>
<testcase name="API Mocking Tests for /users/:id › Validate the structure of the error response for status 502" classname="tests/mock-api.spec.js" time="0.548">
</testcase>
<testcase name="API Mocking Tests for /users/:id › Ensure response with status 204 (No Content) is handled correctly" classname="tests/mock-api.spec.js" time="0.521">
</testcase>
</testsuite>
</testsuites>