<testsuites id="" name="" tests="1" failures="0" skipped="0" errors="0" time="2.67283">
<testsuite name="tests/text-box.spec.js" timestamp="2025-05-29T13:39:19.890Z" hostname="chromium-1920x1080" tests="1" failures="0" skipped="0" time="1.339" errors="0">
<testcase name="Text Box Tests â€º Should fill text box with random data set 1" classname="tests/text-box.spec.js" time="1.339">
</testcase>
</testsuite>
</testsuites>